<?xml version="1.0" encoding="UTF-8"?>
<!-- Generated by org.testng.reporters.JUnitReportReporter -->
<testsuite hostname="DESKTOP-S0SN7M6" failures="0" tests="10" name="com.mindtree.runner.runner" time="60.708" errors="0" timestamp="2021-09-30T07:05:30 IST" skipped="0">
  <testcase classname="com.mindtree.runner.runner" name="signup" time="13.242"/>
  <system-out/>
  <testcase classname="com.mindtree.runner.runner" name="detailsupdate" time="15.336"/>
  <system-out/>
  <testcase classname="com.mindtree.runner.runner" name="store" time="8.944"/>
  <system-out/>
  <testcase classname="com.mindtree.runner.runner" name="cusStories" time="2.932"/>
  <system-out/>
  <testcase classname="com.mindtree.runner.runner" name="abtcompany" time="1.666"/>
  <system-out/>
  <testcase classname="com.mindtree.runner.runner" name="search" time="3.531"/>
  <system-out/>
  <testcase classname="com.mindtree.runner.runner" name="addcart" time="7.555"/>
  <system-out/>
  <testcase classname="com.mindtree.runner.runner" name="EMI" time="3.519"/>
  <system-out/>
  <testcase classname="com.mindtree.runner.runner" name="giveaway" time="1.329"/>
  <system-out/>
  <testcase classname="com.mindtree.runner.runner" name="logout" time="2.654"/>
  <system-out/>
</testsuite> <!-- com.mindtree.runner.runner -->
